生成启动时间为 周四 2016 10 6 23:01:49。
     1>项目“E:\GitHub\Find-closest-pair-of-points\find-closest-pair-of-points\Fcpp\Fcpp.vcxproj”在节点 2 上(Build 个目标)。
     1>ClCompile:
         C:\Program Files (x86)\Microsoft Visual Studio 12.0\VC\bin\CL.exe /c /ZI /nologo /W3 /WX- /sdl /Od /Oy- /D WIN32 /D _WINDOWS /D _DEBUG /D _MBCS /D _AFXDLL /Gm /EHsc /RTC1 /MDd /GS /fp:precise /Zc:wchar_t /Zc:forScope /Yu"stdafx.h" /Fp"Debug\Fcpp.pch" /Fo"Debug\\" /Fd"Debug\vc120.pdb" /Gd /TP /analyze- /errorReport:prompt Fcpp.cpp MainFrm.cpp MyFormView0.cpp
         MainFrm.cpp
         正在生成代码...
         正在跳过...(未检测到相关更改)
         MyFormView0.cpp
         Fcpp.cpp
       Link:
         C:\Program Files (x86)\Microsoft Visual Studio 12.0\VC\bin\link.exe /ERRORREPORT:PROMPT /OUT:"E:\GitHub\Find-closest-pair-of-points\find-closest-pair-of-points\Debug\Fcpp.exe" /INCREMENTAL /NOLOGO /MANIFEST /MANIFESTUAC:"level='asInvoker' uiAccess='false'" /manifest:embed /manifestinput:"C:\Program Files (x86)\Microsoft Visual Studio 12.0\VC\Include\Manifest\dpiaware.manifest" /DEBUG /PDB:"E:\GitHub\Find-closest-pair-of-points\find-closest-pair-of-points\Debug\Fcpp.pdb" /SUBSYSTEM:WINDOWS /TLBID:1 /DYNAMICBASE /NXCOMPAT /IMPLIB:"E:\GitHub\Find-closest-pair-of-points\find-closest-pair-of-points\Debug\Fcpp.lib" /MACHINE:X86 Debug\Fcpp.res
         Debug\Fcpp.obj
         Debug\FcppDoc.obj
         Debug\FcppView.obj
         Debug\MainFrm.obj
         Debug\MyFormView0.obj
         Debug\Point.obj
         Debug\PointPair.obj
         Debug\stdafx.obj
         Debug\Utils.obj
         Fcpp.vcxproj -> E:\GitHub\Find-closest-pair-of-points\find-closest-pair-of-points\Debug\Fcpp.exe
     1>已完成生成项目“E:\GitHub\Find-closest-pair-of-points\find-closest-pair-of-points\Fcpp\Fcpp.vcxproj”(Build 个目标)的操作。

生成成功。

已用时间 00:00:00.66
